 1964 19614.132
 1965 36325.468
 1966 21288.167
 1967 20392.233
 1968 26670.656
 1969 30268.577
 1970 28994.778
 1971 29174.869
 1972 23021.089
 1973 40565.171
 1974 27726.028
 1975 30391.742
 1976 20927.374
 1977  5166.482
 1978 31053.892
 1979 41091.137
 1980 40233.368
 1981 11738.175
 1982 28117.554
 1983 48806.457
 1984 54632.432
 1985 46553.508
 1986 46246.456
 1987 32438.414
 1988 19118.429
 1989 15828.048
 1990 12245.027
 1991 20337.389
 1992 17052.014
 1993 38746.870
 1994 17130.923
 1995 35188.831
 1996 27370.836
 1997 45692.737
 1998 31316.217
 1999 27513.667
 2000 18444.763
 2001 18078.089
 2002  5567.369
 2003 16553.081
 2004 14819.917
 2005 33493.050
 2006 21058.000
